<?xml version="1.0" encoding="UTF-8"?>
<testsuite xmlns:xsi="http://www.w3.org/2001/XMLSchema-instance" xsi:noNamespaceSchemaLocation="https://maven.apache.org/surefire/maven-surefire-plugin/xsd/surefire-test-report.xsd" name="mastermind.TestMastermindDifferentLetters" time="0.116" tests="20" errors="0" skipped="0" failures="0">
  <properties>
[...]
</properties>
  <testcase name="test01SampleEqual" classname="mastermind.TestMastermindDifferentLetters" time="0.042"/>
  <testcase name="test02SampleOnlyWrongPositions" classname="mastermind.TestMastermindDifferentLetters" time="0"/>
  <testcase name="test03SampleSwap" classname="mastermind.TestMastermindDifferentLetters" time="0.001"/>
  <testcase name="test04RightPositions" classname="mastermind.TestMastermindDifferentLetters" time="0.001"/>
  <testcase name="test05WrongPositions" classname="mastermind.TestMastermindDifferentLetters" time="0"/>
  <testcase name="test06BothRightAndWrong" classname="mastermind.TestMastermindDifferentLetters" time="0.001"/>
  <testcase name="test07" classname="mastermind.TestMastermindDifferentLetters" time="0.001"/>
  <testcase name="test08" classname="mastermind.TestMastermindDifferentLetters" time="0"/>
  <testcase name="test09" classname="mastermind.TestMastermindDifferentLetters" time="0"/>
  <testcase name="test10" classname="mastermind.TestMastermindDifferentLetters" time="0.001"/>
  <testcase name="test11" classname="mastermind.TestMastermindDifferentLetters" time="0.001"/>
  <testcase name="test12" classname="mastermind.TestMastermindDifferentLetters" time="0"/>
  <testcase name="test13" classname="mastermind.TestMastermindDifferentLetters" time="0.001"/>
  <testcase name="test14" classname="mastermind.TestMastermindDifferentLetters" time="0"/>
  <testcase name="test15" classname="mastermind.TestMastermindDifferentLetters" time="0"/>
  <testcase name="test16" classname="mastermind.TestMastermindDifferentLetters" time="0"/>
  <testcase name="test17" classname="mastermind.TestMastermindDifferentLetters" time="0.001"/>
  <testcase name="test18" classname="mastermind.TestMastermindDifferentLetters" time="0"/>
  <testcase name="test19" classname="mastermind.TestMastermindDifferentLetters" time="0"/>
  <testcase name="test20" classname="mastermind.TestMastermindDifferentLetters" time="0"/>
</testsuite>